<?xml version="1.0" encoding="utf-8"?><testsuites name="pytest tests"><testsuite name="pytest" errors="0" failures="0" skipped="0" tests="7" time="31.932" timestamp="2026-06-01T23:42:08.890354+02:00" hostname="Dinkel"><testcase classname="tests.test_app" name="test_health_endpoint" time="6.581" /><testcase classname="tests.test_app" name="test_info_endpoint" time="0.013" /><testcase classname="tests.test_app" name="test_emergency_contacts" time="0.013" /><testcase classname="tests.test_app" name="test_doctor_search_mock" time="0.016" /><testcase classname="tests.test_app" name="test_web_search_tool_mock" time="0.007" /><testcase classname="tests.test_app" name="test_chat_message_flow_rule_based" time="22.625" /><testcase classname="tests.test_app" name="test_chat_message_flow_llm" time="0.015" /></testsuite></testsuites>